EDA Netlist Writer report for Top
Tue Aug 11 19:26:40 2020
Quartus Prime Version 18.0.0 Build 614 04/24/2018 SJ Lite Edition


---------------------
; Table of Contents ;
---------------------
  1. Legal Notice
  2. EDA Netlist Writer Summary
  3. Simulation Settings
  4. Simulation Generated Files
  5. EDA Netlist Writer Messages



----------------
; Legal Notice ;
----------------
Copyright (C) 2018  Intel Corporation. All rights reserved.
Your use of Intel Corporation's design tools, logic functions 
and other software and tools, and its AMPP partner logic 
functions, and any output files from any of the foregoing 
(including device programming or simulation files), and any 
associated documentation or information are expressly subject 
to the terms and conditions of the Intel Program License 
Subscription Agreement, the Intel Quartus Prime License Agreement,
the Intel FPGA IP License Agreement, or other applicable license
agreement, including, without limitation, that your use is for
the sole purpose of programming logic devices manufactured by
Intel and sold by Intel or its authorized distributors.  Please
refer to the applicable agreement for further details.



+-------------------------------------------------------------------+
; EDA Netlist Writer Summary                                        ;
+---------------------------+---------------------------------------+
; EDA Netlist Writer Status ; Successful - Tue Aug 11 19:26:40 2020 ;
; Revision Name             ; Top                                   ;
; Top-level Entity Name     ; BitShifter                            ;
; Family                    ; Cyclone IV E                          ;
; Simulation Files Creation ; Successful                            ;
+---------------------------+---------------------------------------+


+-------------------------------------------------------------------------------------------------------------------------------+
; Simulation Settings                                                                                                           ;
+---------------------------------------------------------------------------------------------------+---------------------------+
; Option                                                                                            ; Setting                   ;
+---------------------------------------------------------------------------------------------------+---------------------------+
; Tool Name                                                                                         ; ModelSim-Altera (Verilog) ;
; Generate functional simulation netlist                                                            ; On                        ;
; Truncate long hierarchy paths                                                                     ; Off                       ;
; Map illegal HDL characters                                                                        ; Off                       ;
; Flatten buses into individual nodes                                                               ; Off                       ;
; Maintain hierarchy                                                                                ; Off                       ;
; Bring out device-wide set/reset signals as ports                                                  ; Off                       ;
; Enable glitch filtering                                                                           ; Off                       ;
; Do not write top level VHDL entity                                                                ; Off                       ;
; Disable detection of setup and hold time violations in the input registers of bi-directional pins ; Off                       ;
; Architecture name in VHDL output netlist                                                          ; structure                 ;
; Generate third-party EDA tool command script for RTL functional simulation                        ; Off                       ;
; Generate third-party EDA tool command script for gate-level simulation                            ; Off                       ;
+---------------------------------------------------------------------------------------------------+---------------------------+


+----------------------------------------------------------------------------------------------------------------------------+
; Simulation Generated Files                                                                                                 ;
+----------------------------------------------------------------------------------------------------------------------------+
; Generated Files                                                                                                            ;
+----------------------------------------------------------------------------------------------------------------------------+
; M:/FPGA_Projects/Verilog_Projects/Advanced_Digital_Oscillscope_Newest/Advanced_Digital_Oscillscope/simulation/qsim//Top.vo ;
+----------------------------------------------------------------------------------------------------------------------------+


+-----------------------------+
; EDA Netlist Writer Messages ;
+-----------------------------+
Info: *******************************************************************
Info: Running Quartus Prime EDA Netlist Writer
    Info: Version 18.0.0 Build 614 04/24/2018 SJ Lite Edition
    Info: Copyright (C) 2018  Intel Corporation. All rights reserved.
    Info: Your use of Intel Corporation's design tools, logic functions 
    Info: and other software and tools, and its AMPP partner logic 
    Info: functions, and any output files from any of the foregoing 
    Info: (including device programming or simulation files), and any 
    Info: associated documentation or information are expressly subject 
    Info: to the terms and conditions of the Intel Program License 
    Info: Subscription Agreement, the Intel Quartus Prime License Agreement,
    Info: the Intel FPGA IP License Agreement, or other applicable license
    Info: agreement, including, without limitation, that your use is for
    Info: the sole purpose of programming logic devices manufactured by
    Info: Intel and sold by Intel or its authorized distributors.  Please
    Info: refer to the applicable agreement for further details.
    Info: Processing started: Tue Aug 11 19:26:39 2020
Info: Command: quartus_eda --write_settings_files=off --simulation=on --functional=on --flatten_buses=off --tool=modelsim_oem --format=verilog --output_directory=M:/FPGA_Projects/Verilog_Projects/Advanced_Digital_Oscillscope_Newest/Advanced_Digital_Oscillscope/simulation/qsim/ Top -c Top
Warning (20013): Ignored 19 assignments for entity "Nios_Screen_Reader" -- entity does not exist in design
Warning (20013): Ignored 22 assignments for entity "Nios_Screen_Reader_Address" -- entity does not exist in design
Warning (20013): Ignored 23 assignments for entity "Nios_Screen_Reader_DATA" -- entity does not exist in design
Warning (20013): Ignored 23 assignments for entity "Nios_Screen_Reader_Event_Register" -- entity does not exist in design
Warning (20013): Ignored 24 assignments for entity "Nios_Screen_Reader_JTAG" -- entity does not exist in design
Warning (20013): Ignored 22 assignments for entity "Nios_Screen_Reader_Loading_Percentage" -- entity does not exist in design
Warning (20013): Ignored 172 assignments for entity "Nios_Screen_Reader_NiosII" -- entity does not exist in design
Warning (20013): Ignored 179 assignments for entity "Nios_Screen_Reader_NiosII_cpu" -- entity does not exist in design
Warning (20013): Ignored 34 assignments for entity "Nios_Screen_Reader_OnChip_memory" -- entity does not exist in design
Warning (20013): Ignored 74 assignments for entity "Nios_Screen_Reader_PLL" -- entity does not exist in design
Warning (20013): Ignored 22 assignments for entity "Nios_Screen_Reader_Response_Register" -- entity does not exist in design
Warning (20013): Ignored 10 assignments for entity "Nios_Screen_Reader_SystemID" -- entity does not exist in design
Warning (20013): Ignored 14 assignments for entity "Nios_Screen_Reader_irq_mapper" -- entity does not exist in design
Warning (20013): Ignored 12 assignments for entity "Nios_Screen_Reader_mm_interconnect_0" -- entity does not exist in design
Warning (20013): Ignored 32 assignments for entity "Nios_Screen_Reader_mm_interconnect_0_avalon_st_adapter" -- entity does not exist in design
Warning (20013): Ignored 19 assignments for entity "Nios_Screen_Reader_mm_interconnect_0_avalon_st_adapter_error_adapter_0" -- entity does not exist in design
Warning (20013): Ignored 17 assignments for entity "Nios_Screen_Reader_mm_interconnect_0_cmd_demux" -- entity does not exist in design
Warning (20013): Ignored 17 assignments for entity "Nios_Screen_Reader_mm_interconnect_0_cmd_demux_001" -- entity does not exist in design
Warning (20013): Ignored 19 assignments for entity "Nios_Screen_Reader_mm_interconnect_0_cmd_mux" -- entity does not exist in design
Warning (20013): Ignored 19 assignments for entity "Nios_Screen_Reader_mm_interconnect_0_cmd_mux_002" -- entity does not exist in design
Warning (20013): Ignored 36 assignments for entity "Nios_Screen_Reader_mm_interconnect_0_router" -- entity does not exist in design
Warning (20013): Ignored 36 assignments for entity "Nios_Screen_Reader_mm_interconnect_0_router_001" -- entity does not exist in design
Warning (20013): Ignored 36 assignments for entity "Nios_Screen_Reader_mm_interconnect_0_router_002" -- entity does not exist in design
Warning (20013): Ignored 36 assignments for entity "Nios_Screen_Reader_mm_interconnect_0_router_004" -- entity does not exist in design
Warning (20013): Ignored 17 assignments for entity "Nios_Screen_Reader_mm_interconnect_0_rsp_demux" -- entity does not exist in design
Warning (20013): Ignored 17 assignments for entity "Nios_Screen_Reader_mm_interconnect_0_rsp_demux_002" -- entity does not exist in design
Warning (20013): Ignored 17 assignments for entity "Nios_Screen_Reader_mm_interconnect_0_rsp_demux_003" -- entity does not exist in design
Warning (20013): Ignored 19 assignments for entity "Nios_Screen_Reader_mm_interconnect_0_rsp_mux" -- entity does not exist in design
Warning (20013): Ignored 19 assignments for entity "Nios_Screen_Reader_mm_interconnect_0_rsp_mux_001" -- entity does not exist in design
Warning (20013): Ignored 23 assignments for entity "altera_avalon_sc_fifo" -- entity does not exist in design
Warning (20013): Ignored 23 assignments for entity "altera_avalon_st_handshake_clock_crosser" -- entity does not exist in design
Warning (20013): Ignored 64 assignments for entity "altera_merlin_master_agent" -- entity does not exist in design
Warning (20013): Ignored 55 assignments for entity "altera_merlin_master_translator" -- entity does not exist in design
Warning (20013): Ignored 53 assignments for entity "altera_merlin_slave_agent" -- entity does not exist in design
Warning (20013): Ignored 68 assignments for entity "altera_merlin_slave_translator" -- entity does not exist in design
Warning (20013): Ignored 34 assignments for entity "altera_merlin_traffic_limiter" -- entity does not exist in design
Warning (20013): Ignored 35 assignments for entity "altera_reset_controller" -- entity does not exist in design
Warning (18236): Number of processors has not been specified which may cause overloading on shared machines.  Set the global assignment NUM_PARALLEL_PROCESSORS in your QSF to an appropriate value for best performance.
Info (204019): Generated file Top.vo in folder "M:/FPGA_Projects/Verilog_Projects/Advanced_Digital_Oscillscope_Newest/Advanced_Digital_Oscillscope/simulation/qsim//" for EDA simulation tool
Info: Quartus Prime EDA Netlist Writer was successful. 0 errors, 38 warnings
    Info: Peak virtual memory: 4649 megabytes
    Info: Processing ended: Tue Aug 11 19:26:40 2020
    Info: Elapsed time: 00:00:01
    Info: Total CPU time (on all processors): 00:00:01


