Flow report for Top
Sat Aug 15 01:20:34 2020
Quartus Prime Version 18.0.0 Build 614 04/24/2018 SJ Lite Edition


---------------------
; Table of Contents ;
---------------------
  1. Legal Notice
  2. Flow Summary
  3. Flow Settings
  4. Flow Non-Default Global Settings
  5. Flow Elapsed Time
  6. Flow OS Summary
  7. Flow Log
  8. Flow Messages
  9. Flow Suppressed Messages



----------------
; Legal Notice ;
----------------
Copyright (C) 2018  Intel Corporation. All rights reserved.
Your use of Intel Corporation's design tools, logic functions 
and other software and tools, and its AMPP partner logic 
functions, and any output files from any of the foregoing 
(including device programming or simulation files), and any 
associated documentation or information are expressly subject 
to the terms and conditions of the Intel Program License 
Subscription Agreement, the Intel Quartus Prime License Agreement,
the Intel FPGA IP License Agreement, or other applicable license
agreement, including, without limitation, that your use is for
the sole purpose of programming logic devices manufactured by
Intel and sold by Intel or its authorized distributors.  Please
refer to the applicable agreement for further details.



+----------------------------------------------------------------------------------+
; Flow Summary                                                                     ;
+------------------------------------+---------------------------------------------+
; Flow Status                        ; Successful - Sat Aug 15 01:20:24 2020       ;
; Quartus Prime Version              ; 18.0.0 Build 614 04/24/2018 SJ Lite Edition ;
; Revision Name                      ; Top                                         ;
; Top-level Entity Name              ; Top                                         ;
; Family                             ; Cyclone IV E                                ;
; Device                             ; EP4CE115F29C7                               ;
; Timing Models                      ; Final                                       ;
; Total logic elements               ; 18,115 / 114,480 ( 16 % )                   ;
;     Total combinational functions  ; 16,689 / 114,480 ( 15 % )                   ;
;     Dedicated logic registers      ; 6,350 / 114,480 ( 6 % )                     ;
; Total registers                    ; 6469                                        ;
; Total pins                         ; 154 / 529 ( 29 % )                          ;
; Total virtual pins                 ; 0                                           ;
; Total memory bits                  ; 3,246,126 / 3,981,312 ( 82 % )              ;
; Embedded Multiplier 9-bit elements ; 70 / 532 ( 13 % )                           ;
; Total PLLs                         ; 1 / 4 ( 25 % )                              ;
+------------------------------------+---------------------------------------------+


+-----------------------------------------+
; Flow Settings                           ;
+-------------------+---------------------+
; Option            ; Setting             ;
+-------------------+---------------------+
; Start date & time ; 08/15/2020 01:17:02 ;
; Main task         ; Compilation         ;
; Revision Name     ; Top                 ;
+-------------------+---------------------+


+---------------------------------------------------------------------------------------------------------------------------------------------------------------------------------------------------------------------------------------------------------------------------------------------+
; Flow Non-Default Global Settings                                                                                                                                                                                                                                                            ;
+-------------------------------------+-----------------------------------------------------------------------------------------------------------------------------------------------------------------------------------------------+---------------+--------------------+------------------+
; Assignment Name                     ; Value                                                                                                                                                                                         ; Default Value ; Entity Name        ; Section Id       ;
+-------------------------------------+-----------------------------------------------------------------------------------------------------------------------------------------------------------------------------------------------+---------------+--------------------+------------------+
; COMPILER_SIGNATURE_ID               ; 18121609262202.159744342205008                                                                                                                                                                ; --            ; --                 ; --               ;
; ENABLE_SIGNALTAP                    ; On                                                                                                                                                                                            ; --            ; --                 ; --               ;
; MAX_CORE_JUNCTION_TEMP              ; 85                                                                                                                                                                                            ; --            ; --                 ; --               ;
; MIN_CORE_JUNCTION_TEMP              ; 0                                                                                                                                                                                             ; --            ; --                 ; --               ;
; MISC_FILE                           ; Nios_Screen_Reader/synthesis/../Nios_Screen_Reader.cmp                                                                                                                                        ; --            ; --                 ; --               ;
; MISC_FILE                           ; Nios_Screen_Reader/synthesis/../../Nios_Screen_Reader.qsys                                                                                                                                    ; --            ; --                 ; --               ;
; MISC_FILE                           ; Freq_Fig_color_inst.v                                                                                                                                                                         ; --            ; --                 ; --               ;
; MISC_FILE                           ; Freq_Fig_color_bb.v                                                                                                                                                                           ; --            ; --                 ; --               ;
; MISC_FILE                           ; Freq_Fig_Data_inst.v                                                                                                                                                                          ; --            ; --                 ; --               ;
; MISC_FILE                           ; Freq_Fig_Data_bb.v                                                                                                                                                                            ; --            ; --                 ; --               ;
; MISC_FILE                           ; RAM2_CH2_inst.v                                                                                                                                                                               ; --            ; --                 ; --               ;
; MISC_FILE                           ; RAM2_CH2_bb.v                                                                                                                                                                                 ; --            ; --                 ; --               ;
; MISC_FILE                           ; RAM2_CH1_inst.v                                                                                                                                                                               ; --            ; --                 ; --               ;
; MISC_FILE                           ; RAM2_CH1_bb.v                                                                                                                                                                                 ; --            ; --                 ; --               ;
; MISC_FILE                           ; RAM1_CH2_inst.v                                                                                                                                                                               ; --            ; --                 ; --               ;
; MISC_FILE                           ; RAM1_CH2_bb.v                                                                                                                                                                                 ; --            ; --                 ; --               ;
; MISC_FILE                           ; RAM1_CH1_inst.v                                                                                                                                                                               ; --            ; --                 ; --               ;
; MISC_FILE                           ; RAM1_CH1_bb.v                                                                                                                                                                                 ; --            ; --                 ; --               ;
; MISC_FILE                           ; Fig_CH2_Data_inst.v                                                                                                                                                                           ; --            ; --                 ; --               ;
; MISC_FILE                           ; Fig_CH2_Data_bb.v                                                                                                                                                                             ; --            ; --                 ; --               ;
; MISC_FILE                           ; Fig_CH2_ColorMap_inst.v                                                                                                                                                                       ; --            ; --                 ; --               ;
; MISC_FILE                           ; Fig_CH2_ColorMap_bb.v                                                                                                                                                                         ; --            ; --                 ; --               ;
; MISC_FILE                           ; Fig_CH1_Data_inst.v                                                                                                                                                                           ; --            ; --                 ; --               ;
; MISC_FILE                           ; Fig_CH1_Data_bb.v                                                                                                                                                                             ; --            ; --                 ; --               ;
; MISC_FILE                           ; Fig_CH1_ColorMap_inst.v                                                                                                                                                                       ; --            ; --                 ; --               ;
; MISC_FILE                           ; Fig_CH1_ColorMap_bb.v                                                                                                                                                                         ; --            ; --                 ; --               ;
; MISC_FILE                           ; Fig_Amplitude_Data_inst.v                                                                                                                                                                     ; --            ; --                 ; --               ;
; MISC_FILE                           ; Fig_Amplitude_Data_bb.v                                                                                                                                                                       ; --            ; --                 ; --               ;
; MISC_FILE                           ; Fig_Amplitude_ColorMap_inst.v                                                                                                                                                                 ; --            ; --                 ; --               ;
; MISC_FILE                           ; Fig_Amplitude_ColorMap_bb.v                                                                                                                                                                   ; --            ; --                 ; --               ;
; MISC_FILE                           ; TestCH1_inst.v                                                                                                                                                                                ; --            ; --                 ; --               ;
; MISC_FILE                           ; TestCH1_bb.v                                                                                                                                                                                  ; --            ; --                 ; --               ;
; MISC_FILE                           ; TestCH2_inst.v                                                                                                                                                                                ; --            ; --                 ; --               ;
; MISC_FILE                           ; TestCH2_bb.v                                                                                                                                                                                  ; --            ; --                 ; --               ;
; MISC_FILE                           ; Font_ROM_inst.v                                                                                                                                                                               ; --            ; --                 ; --               ;
; MISC_FILE                           ; Font_ROM_bb.v                                                                                                                                                                                 ; --            ; --                 ; --               ;
; MISC_FILE                           ; Integer_To_Float_inst.v                                                                                                                                                                       ; --            ; --                 ; --               ;
; MISC_FILE                           ; FP_CH1_DIV_inst.v                                                                                                                                                                             ; --            ; --                 ; --               ;
; MISC_FILE                           ; FP_CH2_DIV_inst.v                                                                                                                                                                             ; --            ; --                 ; --               ;
; MISC_FILE                           ; Float_To_Integer_inst.v                                                                                                                                                                       ; --            ; --                 ; --               ;
; MISC_FILE                           ; Guide_DATA_inst.v                                                                                                                                                                             ; --            ; --                 ; --               ;
; MISC_FILE                           ; Guide_DATA_bb.v                                                                                                                                                                               ; --            ; --                 ; --               ;
; MISC_FILE                           ; Guide_Colormap_inst.v                                                                                                                                                                         ; --            ; --                 ; --               ;
; MISC_FILE                           ; Guide_Colormap_bb.v                                                                                                                                                                           ; --            ; --                 ; --               ;
; NOMINAL_CORE_SUPPLY_VOLTAGE         ; 1.2V                                                                                                                                                                                          ; --            ; --                 ; --               ;
; PARTITION_COLOR                     ; -- (Not supported for targeted family)                                                                                                                                                        ; --            ; --                 ; --               ;
; PARTITION_FITTER_PRESERVATION_LEVEL ; -- (Not supported for targeted family)                                                                                                                                                        ; --            ; --                 ; --               ;
; PARTITION_NETLIST_TYPE              ; -- (Not supported for targeted family)                                                                                                                                                        ; --            ; --                 ; --               ;
; POWER_BOARD_THERMAL_MODEL           ; None (CONSERVATIVE)                                                                                                                                                                           ; --            ; --                 ; --               ;
; POWER_PRESET_COOLING_SOLUTION       ; 23 MM HEAT SINK WITH 200 LFPM AIRFLOW                                                                                                                                                         ; --            ; --                 ; --               ;
; PROJECT_OUTPUT_DIRECTORY            ; output_files                                                                                                                                                                                  ; --            ; --                 ; --               ;
; SLD_FILE                            ; Nios_Screen_Reader/synthesis/Nios_Screen_Reader.regmap                                                                                                                                        ; --            ; --                 ; --               ;
; SLD_FILE                            ; Nios_Screen_Reader/synthesis/Nios_Screen_Reader.debuginfo                                                                                                                                     ; --            ; --                 ; --               ;
; SLD_FILE                            ; db/GUI_auto_stripped.stp                                                                                                                                                                      ; --            ; --                 ; --               ;
; SLD_INFO                            ; QSYS_NAME Nios_Screen_Reader HAS_SOPCINFO 1 GENERATION_ID 1597418486                                                                                                                          ; --            ; Nios_Screen_Reader ; --               ;
; SLD_NODE_CREATOR_ID                 ; 110                                                                                                                                                                                           ; --            ; --                 ; auto_signaltap_0 ;
; SLD_NODE_ENTITY_NAME                ; sld_signaltap                                                                                                                                                                                 ; --            ; --                 ; auto_signaltap_0 ;
; SLD_NODE_PARAMETER_ASSIGNMENT       ; SLD_RAM_BLOCK_TYPE=AUTO                                                                                                                                                                       ; --            ; --                 ; auto_signaltap_0 ;
; SLD_NODE_PARAMETER_ASSIGNMENT       ; SLD_NODE_INFO=805334528                                                                                                                                                                       ; --            ; --                 ; auto_signaltap_0 ;
; SLD_NODE_PARAMETER_ASSIGNMENT       ; SLD_POWER_UP_TRIGGER=0                                                                                                                                                                        ; --            ; --                 ; auto_signaltap_0 ;
; SLD_NODE_PARAMETER_ASSIGNMENT       ; SLD_STORAGE_QUALIFIER_INVERSION_MASK_LENGTH=0                                                                                                                                                 ; --            ; --                 ; auto_signaltap_0 ;
; SLD_NODE_PARAMETER_ASSIGNMENT       ; SLD_ATTRIBUTE_MEM_MODE=OFF                                                                                                                                                                    ; --            ; --                 ; auto_signaltap_0 ;
; SLD_NODE_PARAMETER_ASSIGNMENT       ; SLD_STATE_FLOW_USE_GENERATED=0                                                                                                                                                                ; --            ; --                 ; auto_signaltap_0 ;
; SLD_NODE_PARAMETER_ASSIGNMENT       ; SLD_STATE_BITS=11                                                                                                                                                                             ; --            ; --                 ; auto_signaltap_0 ;
; SLD_NODE_PARAMETER_ASSIGNMENT       ; SLD_BUFFER_FULL_STOP=1                                                                                                                                                                        ; --            ; --                 ; auto_signaltap_0 ;
; SLD_NODE_PARAMETER_ASSIGNMENT       ; SLD_CURRENT_RESOURCE_WIDTH=1                                                                                                                                                                  ; --            ; --                 ; auto_signaltap_0 ;
; SLD_NODE_PARAMETER_ASSIGNMENT       ; SLD_INCREMENTAL_ROUTING=1                                                                                                                                                                     ; --            ; --                 ; auto_signaltap_0 ;
; SLD_NODE_PARAMETER_ASSIGNMENT       ; SLD_TRIGGER_LEVEL=1                                                                                                                                                                           ; --            ; --                 ; auto_signaltap_0 ;
; SLD_NODE_PARAMETER_ASSIGNMENT       ; SLD_TRIGGER_IN_ENABLED=0                                                                                                                                                                      ; --            ; --                 ; auto_signaltap_0 ;
; SLD_NODE_PARAMETER_ASSIGNMENT       ; SLD_TRIGGER_PIPELINE=0                                                                                                                                                                        ; --            ; --                 ; auto_signaltap_0 ;
; SLD_NODE_PARAMETER_ASSIGNMENT       ; SLD_RAM_PIPELINE=0                                                                                                                                                                            ; --            ; --                 ; auto_signaltap_0 ;
; SLD_NODE_PARAMETER_ASSIGNMENT       ; SLD_COUNTER_PIPELINE=0                                                                                                                                                                        ; --            ; --                 ; auto_signaltap_0 ;
; SLD_NODE_PARAMETER_ASSIGNMENT       ; SLD_ADVANCED_TRIGGER_ENTITY=basic,1,                                                                                                                                                          ; --            ; --                 ; auto_signaltap_0 ;
; SLD_NODE_PARAMETER_ASSIGNMENT       ; SLD_TRIGGER_LEVEL_PIPELINE=1                                                                                                                                                                  ; --            ; --                 ; auto_signaltap_0 ;
; SLD_NODE_PARAMETER_ASSIGNMENT       ; SLD_ENABLE_ADVANCED_TRIGGER=0                                                                                                                                                                 ; --            ; --                 ; auto_signaltap_0 ;
; SLD_NODE_PARAMETER_ASSIGNMENT       ; SLD_SEGMENT_SIZE=4096                                                                                                                                                                         ; --            ; --                 ; auto_signaltap_0 ;
; SLD_NODE_PARAMETER_ASSIGNMENT       ; SLD_SAMPLE_DEPTH=4096                                                                                                                                                                         ; --            ; --                 ; auto_signaltap_0 ;
; SLD_NODE_PARAMETER_ASSIGNMENT       ; SLD_DATA_BITS=48                                                                                                                                                                              ; --            ; --                 ; auto_signaltap_0 ;
; SLD_NODE_PARAMETER_ASSIGNMENT       ; SLD_TRIGGER_BITS=48                                                                                                                                                                           ; --            ; --                 ; auto_signaltap_0 ;
; SLD_NODE_PARAMETER_ASSIGNMENT       ; SLD_STORAGE_QUALIFIER_BITS=48                                                                                                                                                                 ; --            ; --                 ; auto_signaltap_0 ;
; SLD_NODE_PARAMETER_ASSIGNMENT       ; SLD_INVERSION_MASK=00000000000000000000000000000000000000000000000000000000000000000000000000000000000000000000000000000000000000000000000000000000000000000000000000000000000000000000000000 ; --            ; --                 ; auto_signaltap_0 ;
; SLD_NODE_PARAMETER_ASSIGNMENT       ; SLD_INVERSION_MASK_LENGTH=170                                                                                                                                                                 ; --            ; --                 ; auto_signaltap_0 ;
; SOPCINFO_FILE                       ; Nios_Screen_Reader/synthesis/../../Nios_Screen_Reader.sopcinfo                                                                                                                                ; --            ; --                 ; --               ;
; SYNTHESIS_ONLY_QIP                  ; On                                                                                                                                                                                            ; --            ; --                 ; --               ;
; USE_SIGNALTAP_FILE                  ; GUI.stp                                                                                                                                                                                       ; --            ; --                 ; --               ;
+-------------------------------------+-----------------------------------------------------------------------------------------------------------------------------------------------------------------------------------------------+---------------+--------------------+------------------+


+--------------------------------------------------------------------------------------------------------------------------+
; Flow Elapsed Time                                                                                                        ;
+----------------------+--------------+-------------------------+---------------------+------------------------------------+
; Module Name          ; Elapsed Time ; Average Processors Used ; Peak Virtual Memory ; Total CPU Time (on all processors) ;
+----------------------+--------------+-------------------------+---------------------+------------------------------------+
; Analysis & Synthesis ; 00:01:49     ; 1.0                     ; 5223 MB             ; 00:02:12                           ;
; Fitter               ; 00:01:12     ; 1.1                     ; 6031 MB             ; 00:02:03                           ;
; Assembler            ; 00:00:05     ; 1.0                     ; 4784 MB             ; 00:00:05                           ;
; Timing Analyzer      ; 00:00:08     ; 1.3                     ; 5056 MB             ; 00:00:10                           ;
; Total                ; 00:03:14     ; --                      ; --                  ; 00:04:30                           ;
+----------------------+--------------+-------------------------+---------------------+------------------------------------+


+------------------------------------------------------------------------------------+
; Flow OS Summary                                                                    ;
+----------------------+------------------+------------+------------+----------------+
; Module Name          ; Machine Hostname ; OS Name    ; OS Version ; Processor type ;
+----------------------+------------------+------------+------------+----------------+
; Analysis & Synthesis ; DESKTOP-P33A4R5  ; Windows 10 ; 10.0       ; x86_64         ;
; Fitter               ; DESKTOP-P33A4R5  ; Windows 10 ; 10.0       ; x86_64         ;
; Assembler            ; DESKTOP-P33A4R5  ; Windows 10 ; 10.0       ; x86_64         ;
; Timing Analyzer      ; DESKTOP-P33A4R5  ; Windows 10 ; 10.0       ; x86_64         ;
+----------------------+------------------+------------+------------+----------------+


------------
; Flow Log ;
------------
quartus_map --read_settings_files=on --write_settings_files=off Top -c Top
quartus_fit --read_settings_files=off --write_settings_files=off Top -c Top
quartus_asm --read_settings_files=off --write_settings_files=off Top -c Top
quartus_sta Top -c Top



