Info: Starting: Create block symbol file (.bsf)
Info: qsys-generate M:\FPGA_Projects\Verilog_Projects\Advanced_Digital_Oscillscope_Newest\Advanced_Digital_Oscillscope\Nios_Screen_Reader.qsys --block-symbol-file --output-directory=M:\FPGA_Projects\Verilog_Projects\Advanced_Digital_Oscillscope_Newest\Advanced_Digital_Oscillscope\Nios_Screen_Reader --family="Cyclone IV E" --part=EP4CE115F29C7
Progress: Loading Advanced_Digital_Oscillscope/Nios_Screen_Reader.qsys
Progress: Reading input file
Progress: Adding Address [altera_avalon_pio 18.0]
Progress: Parameterizing module Address
Progress: Adding Clock_Bridge [altera_clock_bridge 18.0]
Progress: Parameterizing module Clock_Bridge
Progress: Adding DATA [altera_avalon_pio 18.0]
Progress: Parameterizing module DATA
Progress: Adding Event_Register [altera_avalon_pio 18.0]
Progress: Parameterizing module Event_Register
Progress: Adding JTAG [altera_avalon_jtag_uart 18.0]
Progress: Parameterizing module JTAG
Progress: Adding Loading_Percentage [altera_avalon_pio 18.0]
Progress: Parameterizing module Loading_Percentage
Progress: Adding NiosII [altera_nios2_gen2 18.0]
Progress: Parameterizing module NiosII
Progress: Adding PLL [altpll 18.0]
Progress: Parameterizing module PLL
Progress: Adding Response_Register [altera_avalon_pio 18.0]
Progress: Parameterizing module Response_Register
Progress: Adding SDRAM [altera_avalon_new_sdram_controller 18.0]
Progress: Parameterizing module SDRAM
Progress: Adding SystemID [altera_avalon_sysid_qsys 18.0]
Progress: Parameterizing module SystemID
Progress: Adding clk_0 [clock_source 18.0]
Progress: Parameterizing module clk_0
Progress: Building connections
Progress: Parameterizing connections
Progress: Validating
Progress: Done reading input file
Info: Nios_Screen_Reader.DATA: PIO inputs are not hardwired in test bench. Undefined values will be read from PIO inputs during simulation.
Info: Nios_Screen_Reader.Event_Register: PIO inputs are not hardwired in test bench. Undefined values will be read from PIO inputs during simulation.
Info: Nios_Screen_Reader.JTAG: JTAG UART IP input clock need to be at least double (2x) the operating frequency of JTAG TCK on board
Info: Nios_Screen_Reader.SDRAM: SDRAM Controller will only be supported in Quartus Prime Standard Edition in the future release.
Info: Nios_Screen_Reader.SystemID: System ID is not assigned automatically. Edit the System ID parameter to provide a unique ID
Info: Nios_Screen_Reader.SystemID: Time stamp will be automatically updated when this component is generated.
Info: qsys-generate succeeded.
Info: Finished: Create block symbol file (.bsf)
Info: 
Info: Starting: Create HDL design files for synthesis
Info: qsys-generate M:\FPGA_Projects\Verilog_Projects\Advanced_Digital_Oscillscope_Newest\Advanced_Digital_Oscillscope\Nios_Screen_Reader.qsys --synthesis=VERILOG --output-directory=M:\FPGA_Projects\Verilog_Projects\Advanced_Digital_Oscillscope_Newest\Advanced_Digital_Oscillscope\Nios_Screen_Reader\synthesis --family="Cyclone IV E" --part=EP4CE115F29C7
Progress: Loading Advanced_Digital_Oscillscope/Nios_Screen_Reader.qsys
Progress: Reading input file
Progress: Adding Address [altera_avalon_pio 18.0]
Progress: Parameterizing module Address
Progress: Adding Clock_Bridge [altera_clock_bridge 18.0]
Progress: Parameterizing module Clock_Bridge
Progress: Adding DATA [altera_avalon_pio 18.0]
Progress: Parameterizing module DATA
Progress: Adding Event_Register [altera_avalon_pio 18.0]
Progress: Parameterizing module Event_Register
Progress: Adding JTAG [altera_avalon_jtag_uart 18.0]
Progress: Parameterizing module JTAG
Progress: Adding Loading_Percentage [altera_avalon_pio 18.0]
Progress: Parameterizing module Loading_Percentage
Progress: Adding NiosII [altera_nios2_gen2 18.0]
Progress: Parameterizing module NiosII
Progress: Adding PLL [altpll 18.0]
Progress: Parameterizing module PLL
Progress: Adding Response_Register [altera_avalon_pio 18.0]
Progress: Parameterizing module Response_Register
Progress: Adding SDRAM [altera_avalon_new_sdram_controller 18.0]
Progress: Parameterizing module SDRAM
Progress: Adding SystemID [altera_avalon_sysid_qsys 18.0]
Progress: Parameterizing module SystemID
Progress: Adding clk_0 [clock_source 18.0]
Progress: Parameterizing module clk_0
Progress: Building connections
Progress: Parameterizing connections
Progress: Validating
Progress: Done reading input file
Info: Nios_Screen_Reader.DATA: PIO inputs are not hardwired in test bench. Undefined values will be read from PIO inputs during simulation.
Info: Nios_Screen_Reader.Event_Register: PIO inputs are not hardwired in test bench. Undefined values will be read from PIO inputs during simulation.
Info: Nios_Screen_Reader.JTAG: JTAG UART IP input clock need to be at least double (2x) the operating frequency of JTAG TCK on board
Info: Nios_Screen_Reader.SDRAM: SDRAM Controller will only be supported in Quartus Prime Standard Edition in the future release.
Info: Nios_Screen_Reader.SystemID: System ID is not assigned automatically. Edit the System ID parameter to provide a unique ID
Info: Nios_Screen_Reader.SystemID: Time stamp will be automatically updated when this component is generated.
Info: Nios_Screen_Reader: Generating Nios_Screen_Reader "Nios_Screen_Reader" for QUARTUS_SYNTH
Info: Inserting clock-crossing logic between cmd_demux.src3 and cmd_mux_003.sink0
Info: Inserting clock-crossing logic between rsp_demux_003.src0 and rsp_mux.sink3
Info: Address: Starting RTL generation for module 'Nios_Screen_Reader_Address'
Info: Address:   Generation command is [exec F:/quartus_18/quartus/bin64/perl/bin/perl.exe -I F:/quartus_18/quartus/bin64/perl/lib -I F:/quartus_18/quartus/sopc_builder/bin/europa -I F:/quartus_18/quartus/sopc_builder/bin/perl_lib -I F:/quartus_18/quartus/sopc_builder/bin -I F:/quartus_18/quartus/../ip/altera/sopc_builder_ip/common -I F:/quartus_18/quartus/../ip/altera/sopc_builder_ip/altera_avalon_pio -- F:/quartus_18/quartus/../ip/altera/sopc_builder_ip/altera_avalon_pio/generate_rtl.pl --name=Nios_Screen_Reader_Address --dir=C:/Users/aaala/AppData/Local/Temp/alt8488_8825442177273888479.dir/0002_Address_gen/ --quartus_dir=F:/quartus_18/quartus --verilog --config=C:/Users/aaala/AppData/Local/Temp/alt8488_8825442177273888479.dir/0002_Address_gen//Nios_Screen_Reader_Address_component_configuration.pl  --do_build_sim=0  ]
Info: Address: Done RTL generation for module 'Nios_Screen_Reader_Address'
Info: Address: "Nios_Screen_Reader" instantiated altera_avalon_pio "Address"
Info: DATA: Starting RTL generation for module 'Nios_Screen_Reader_DATA'
Info: DATA:   Generation command is [exec F:/quartus_18/quartus/bin64/perl/bin/perl.exe -I F:/quartus_18/quartus/bin64/perl/lib -I F:/quartus_18/quartus/sopc_builder/bin/europa -I F:/quartus_18/quartus/sopc_builder/bin/perl_lib -I F:/quartus_18/quartus/sopc_builder/bin -I F:/quartus_18/quartus/../ip/altera/sopc_builder_ip/common -I F:/quartus_18/quartus/../ip/altera/sopc_builder_ip/altera_avalon_pio -- F:/quartus_18/quartus/../ip/altera/sopc_builder_ip/altera_avalon_pio/generate_rtl.pl --name=Nios_Screen_Reader_DATA --dir=C:/Users/aaala/AppData/Local/Temp/alt8488_8825442177273888479.dir/0003_DATA_gen/ --quartus_dir=F:/quartus_18/quartus --verilog --config=C:/Users/aaala/AppData/Local/Temp/alt8488_8825442177273888479.dir/0003_DATA_gen//Nios_Screen_Reader_DATA_component_configuration.pl  --do_build_sim=0  ]
Info: DATA: Done RTL generation for module 'Nios_Screen_Reader_DATA'
Info: DATA: "Nios_Screen_Reader" instantiated altera_avalon_pio "DATA"
Info: Event_Register: Starting RTL generation for module 'Nios_Screen_Reader_Event_Register'
Info: Event_Register:   Generation command is [exec F:/quartus_18/quartus/bin64/perl/bin/perl.exe -I F:/quartus_18/quartus/bin64/perl/lib -I F:/quartus_18/quartus/sopc_builder/bin/europa -I F:/quartus_18/quartus/sopc_builder/bin/perl_lib -I F:/quartus_18/quartus/sopc_builder/bin -I F:/quartus_18/quartus/../ip/altera/sopc_builder_ip/common -I F:/quartus_18/quartus/../ip/altera/sopc_builder_ip/altera_avalon_pio -- F:/quartus_18/quartus/../ip/altera/sopc_builder_ip/altera_avalon_pio/generate_rtl.pl --name=Nios_Screen_Reader_Event_Register --dir=C:/Users/aaala/AppData/Local/Temp/alt8488_8825442177273888479.dir/0004_Event_Register_gen/ --quartus_dir=F:/quartus_18/quartus --verilog --config=C:/Users/aaala/AppData/Local/Temp/alt8488_8825442177273888479.dir/0004_Event_Register_gen//Nios_Screen_Reader_Event_Register_component_configuration.pl  --do_build_sim=0  ]
Info: Event_Register: Done RTL generation for module 'Nios_Screen_Reader_Event_Register'
Info: Event_Register: "Nios_Screen_Reader" instantiated altera_avalon_pio "Event_Register"
Info: JTAG: Starting RTL generation for module 'Nios_Screen_Reader_JTAG'
Info: JTAG:   Generation command is [exec F:/quartus_18/quartus/bin64/perl/bin/perl.exe -I F:/quartus_18/quartus/bin64/perl/lib -I F:/quartus_18/quartus/sopc_builder/bin/europa -I F:/quartus_18/quartus/sopc_builder/bin/perl_lib -I F:/quartus_18/quartus/sopc_builder/bin -I F:/quartus_18/quartus/../ip/altera/sopc_builder_ip/common -I F:/quartus_18/quartus/../ip/altera/sopc_builder_ip/altera_avalon_jtag_uart -- F:/quartus_18/quartus/../ip/altera/sopc_builder_ip/altera_avalon_jtag_uart/generate_rtl.pl --name=Nios_Screen_Reader_JTAG --dir=C:/Users/aaala/AppData/Local/Temp/alt8488_8825442177273888479.dir/0005_JTAG_gen/ --quartus_dir=F:/quartus_18/quartus --verilog --config=C:/Users/aaala/AppData/Local/Temp/alt8488_8825442177273888479.dir/0005_JTAG_gen//Nios_Screen_Reader_JTAG_component_configuration.pl  --do_build_sim=0  ]
Info: JTAG: Done RTL generation for module 'Nios_Screen_Reader_JTAG'
Info: JTAG: "Nios_Screen_Reader" instantiated altera_avalon_jtag_uart "JTAG"
Info: Loading_Percentage: Starting RTL generation for module 'Nios_Screen_Reader_Loading_Percentage'
Info: Loading_Percentage:   Generation command is [exec F:/quartus_18/quartus/bin64/perl/bin/perl.exe -I F:/quartus_18/quartus/bin64/perl/lib -I F:/quartus_18/quartus/sopc_builder/bin/europa -I F:/quartus_18/quartus/sopc_builder/bin/perl_lib -I F:/quartus_18/quartus/sopc_builder/bin -I F:/quartus_18/quartus/../ip/altera/sopc_builder_ip/common -I F:/quartus_18/quartus/../ip/altera/sopc_builder_ip/altera_avalon_pio -- F:/quartus_18/quartus/../ip/altera/sopc_builder_ip/altera_avalon_pio/generate_rtl.pl --name=Nios_Screen_Reader_Loading_Percentage --dir=C:/Users/aaala/AppData/Local/Temp/alt8488_8825442177273888479.dir/0006_Loading_Percentage_gen/ --quartus_dir=F:/quartus_18/quartus --verilog --config=C:/Users/aaala/AppData/Local/Temp/alt8488_8825442177273888479.dir/0006_Loading_Percentage_gen//Nios_Screen_Reader_Loading_Percentage_component_configuration.pl  --do_build_sim=0  ]
Info: Loading_Percentage: Done RTL generation for module 'Nios_Screen_Reader_Loading_Percentage'
Info: Loading_Percentage: "Nios_Screen_Reader" instantiated altera_avalon_pio "Loading_Percentage"
Info: NiosII: "Nios_Screen_Reader" instantiated altera_nios2_gen2 "NiosII"
Info: PLL: "Nios_Screen_Reader" instantiated altpll "PLL"
Info: Response_Register: Starting RTL generation for module 'Nios_Screen_Reader_Response_Register'
Info: Response_Register:   Generation command is [exec F:/quartus_18/quartus/bin64/perl/bin/perl.exe -I F:/quartus_18/quartus/bin64/perl/lib -I F:/quartus_18/quartus/sopc_builder/bin/europa -I F:/quartus_18/quartus/sopc_builder/bin/perl_lib -I F:/quartus_18/quartus/sopc_builder/bin -I F:/quartus_18/quartus/../ip/altera/sopc_builder_ip/common -I F:/quartus_18/quartus/../ip/altera/sopc_builder_ip/altera_avalon_pio -- F:/quartus_18/quartus/../ip/altera/sopc_builder_ip/altera_avalon_pio/generate_rtl.pl --name=Nios_Screen_Reader_Response_Register --dir=C:/Users/aaala/AppData/Local/Temp/alt8488_8825442177273888479.dir/0009_Response_Register_gen/ --quartus_dir=F:/quartus_18/quartus --verilog --config=C:/Users/aaala/AppData/Local/Temp/alt8488_8825442177273888479.dir/0009_Response_Register_gen//Nios_Screen_Reader_Response_Register_component_configuration.pl  --do_build_sim=0  ]
Info: Response_Register: Done RTL generation for module 'Nios_Screen_Reader_Response_Register'
Info: Response_Register: "Nios_Screen_Reader" instantiated altera_avalon_pio "Response_Register"
Info: SDRAM: Starting RTL generation for module 'Nios_Screen_Reader_SDRAM'
Info: SDRAM:   Generation command is [exec F:/quartus_18/quartus/bin64/perl/bin/perl.exe -I F:/quartus_18/quartus/bin64/perl/lib -I F:/quartus_18/quartus/sopc_builder/bin/europa -I F:/quartus_18/quartus/sopc_builder/bin/perl_lib -I F:/quartus_18/quartus/sopc_builder/bin -I F:/quartus_18/quartus/../ip/altera/sopc_builder_ip/common -I F:/quartus_18/quartus/../ip/altera/sopc_builder_ip/altera_avalon_new_sdram_controller -- F:/quartus_18/quartus/../ip/altera/sopc_builder_ip/altera_avalon_new_sdram_controller/generate_rtl.pl --name=Nios_Screen_Reader_SDRAM --dir=C:/Users/aaala/AppData/Local/Temp/alt8488_8825442177273888479.dir/0010_SDRAM_gen/ --quartus_dir=F:/quartus_18/quartus --verilog --config=C:/Users/aaala/AppData/Local/Temp/alt8488_8825442177273888479.dir/0010_SDRAM_gen//Nios_Screen_Reader_SDRAM_component_configuration.pl  --do_build_sim=0  ]
Info: SDRAM: Done RTL generation for module 'Nios_Screen_Reader_SDRAM'
Info: SDRAM: "Nios_Screen_Reader" instantiated altera_avalon_new_sdram_controller "SDRAM"
Info: SystemID: "Nios_Screen_Reader" instantiated altera_avalon_sysid_qsys "SystemID"
Info: avalon_st_adapter: Inserting error_adapter: error_adapter_0
Info: avalon_st_adapter_001: Inserting error_adapter: error_adapter_0
Info: avalon_st_adapter_002: Inserting error_adapter: error_adapter_0
Info: avalon_st_adapter_003: Inserting error_adapter: error_adapter_0
Info: avalon_st_adapter_004: Inserting error_adapter: error_adapter_0
Info: avalon_st_adapter_005: Inserting error_adapter: error_adapter_0
Info: avalon_st_adapter_006: Inserting error_adapter: error_adapter_0
Info: avalon_st_adapter_007: Inserting error_adapter: error_adapter_0
Info: avalon_st_adapter_008: Inserting error_adapter: error_adapter_0
Info: avalon_st_adapter_009: Inserting error_adapter: error_adapter_0
Info: mm_interconnect_0: "Nios_Screen_Reader" instantiated altera_mm_interconnect "mm_interconnect_0"
Info: irq_mapper: "Nios_Screen_Reader" instantiated altera_irq_mapper "irq_mapper"
Info: rst_controller: "Nios_Screen_Reader" instantiated altera_reset_controller "rst_controller"
Info: cpu: Starting RTL generation for module 'Nios_Screen_Reader_NiosII_cpu'
Info: cpu:   Generation command is [exec F:/Quartus_18/quartus/bin64//eperlcmd.exe -I F:/Quartus_18/quartus/bin64//perl/lib -I F:/quartus_18/quartus/sopc_builder/bin/europa -I F:/quartus_18/quartus/sopc_builder/bin/perl_lib -I F:/quartus_18/quartus/sopc_builder/bin -I F:/quartus_18/quartus/../ip/altera/nios2_ip/altera_nios2_gen2/cpu_lib -I F:/quartus_18/quartus/../ip/altera/nios2_ip/altera_nios2_gen2/nios_lib -I F:/quartus_18/quartus/../ip/altera/nios2_ip/altera_nios2_gen2 -I F:/quartus_18/quartus/../ip/altera/nios2_ip/altera_nios2_gen2 -- F:/quartus_18/quartus/../ip/altera/nios2_ip/altera_nios2_gen2/generate_rtl.epl --name=Nios_Screen_Reader_NiosII_cpu --dir=C:/Users/aaala/AppData/Local/Temp/alt8488_8825442177273888479.dir/0014_cpu_gen/ --quartus_bindir=F:/Quartus_18/quartus/bin64/ --verilog --config=C:/Users/aaala/AppData/Local/Temp/alt8488_8825442177273888479.dir/0014_cpu_gen//Nios_Screen_Reader_NiosII_cpu_processor_configuration.pl  --do_build_sim=0  ]
Info: cpu: # 2020.08.14 18:21:39 (*) Starting Nios II generation
Info: cpu: # 2020.08.14 18:21:39 (*)   Checking for plaintext license.
Info: cpu: # 2020.08.14 18:21:40 (*)   Couldn't query license setup in Quartus directory F:/Quartus_18/quartus/bin64/
Info: cpu: # 2020.08.14 18:21:40 (*)   Defaulting to contents of LM_LICENSE_FILE environment variable
Info: cpu: # 2020.08.14 18:21:40 (*)   LM_LICENSE_FILE environment variable is empty
Info: cpu: # 2020.08.14 18:21:40 (*)   Plaintext license not found.
Info: cpu: # 2020.08.14 18:21:40 (*)   Checking for encrypted license (non-evaluation).
Info: cpu: # 2020.08.14 18:21:41 (*)   Couldn't query license setup in Quartus directory F:/Quartus_18/quartus/bin64/
Info: cpu: # 2020.08.14 18:21:41 (*)   Defaulting to contents of LM_LICENSE_FILE environment variable
Info: cpu: # 2020.08.14 18:21:41 (*)   LM_LICENSE_FILE environment variable is empty
Info: cpu: # 2020.08.14 18:21:41 (*)   Encrypted license not found.  Defaulting to OCP evaluation license (produces a time-limited SOF)
Info: cpu: # 2020.08.14 18:21:41 (*)   Elaborating CPU configuration settings
Info: cpu: # 2020.08.14 18:21:41 (*)   Creating all objects for CPU
Info: cpu: # 2020.08.14 18:21:41 (*)     Testbench
Info: cpu: # 2020.08.14 18:21:41 (*)     Instruction decoding
Info: cpu: # 2020.08.14 18:21:41 (*)       Instruction fields
Info: cpu: # 2020.08.14 18:21:41 (*)       Instruction decodes
Info: cpu: # 2020.08.14 18:21:41 (*)       Signals for RTL simulation waveforms
Info: cpu: # 2020.08.14 18:21:41 (*)       Instruction controls
Info: cpu: # 2020.08.14 18:21:41 (*)     Pipeline frontend
Info: cpu: # 2020.08.14 18:21:42 (*)     Pipeline backend
Info: cpu: # 2020.08.14 18:21:44 (*)   Generating RTL from CPU objects
Info: cpu: # 2020.08.14 18:21:45 (*)   Creating encrypted RTL
Info: cpu: # 2020.08.14 18:21:46 (*) Done Nios II generation
Info: cpu: Done RTL generation for module 'Nios_Screen_Reader_NiosII_cpu'
Info: cpu: "NiosII" instantiated altera_nios2_gen2_unit "cpu"
Info: NiosII_data_master_translator: "mm_interconnect_0" instantiated altera_merlin_master_translator "NiosII_data_master_translator"
Info: JTAG_avalon_jtag_slave_translator: "mm_interconnect_0" instantiated altera_merlin_slave_translator "JTAG_avalon_jtag_slave_translator"
Info: NiosII_data_master_agent: "mm_interconnect_0" instantiated altera_merlin_master_agent "NiosII_data_master_agent"
Info: JTAG_avalon_jtag_slave_agent: "mm_interconnect_0" instantiated altera_merlin_slave_agent "JTAG_avalon_jtag_slave_agent"
Info: JTAG_avalon_jtag_slave_agent_rsp_fifo: "mm_interconnect_0" instantiated altera_avalon_sc_fifo "JTAG_avalon_jtag_slave_agent_rsp_fifo"
Info: router: "mm_interconnect_0" instantiated altera_merlin_router "router"
Info: router_001: "mm_interconnect_0" instantiated altera_merlin_router "router_001"
Info: router_002: "mm_interconnect_0" instantiated altera_merlin_router "router_002"
Info: router_004: "mm_interconnect_0" instantiated altera_merlin_router "router_004"
Info: NiosII_data_master_limiter: "mm_interconnect_0" instantiated altera_merlin_traffic_limiter "NiosII_data_master_limiter"
Info: Reusing file M:/FPGA_Projects/Verilog_Projects/Advanced_Digital_Oscillscope_Newest/Advanced_Digital_Oscillscope/Nios_Screen_Reader/synthesis/submodules/altera_avalon_sc_fifo.v
Info: cmd_demux: "mm_interconnect_0" instantiated altera_merlin_demultiplexer "cmd_demux"
Info: cmd_demux_001: "mm_interconnect_0" instantiated altera_merlin_demultiplexer "cmd_demux_001"
Info: cmd_mux: "mm_interconnect_0" instantiated altera_merlin_multiplexer "cmd_mux"
Info: cmd_mux_002: "mm_interconnect_0" instantiated altera_merlin_multiplexer "cmd_mux_002"
Info: Reusing file M:/FPGA_Projects/Verilog_Projects/Advanced_Digital_Oscillscope_Newest/Advanced_Digital_Oscillscope/Nios_Screen_Reader/synthesis/submodules/altera_merlin_arbitrator.sv
Info: rsp_demux: "mm_interconnect_0" instantiated altera_merlin_demultiplexer "rsp_demux"
Info: rsp_demux_002: "mm_interconnect_0" instantiated altera_merlin_demultiplexer "rsp_demux_002"
Info: rsp_demux_003: "mm_interconnect_0" instantiated altera_merlin_demultiplexer "rsp_demux_003"
Info: rsp_mux: "mm_interconnect_0" instantiated altera_merlin_multiplexer "rsp_mux"
Info: Reusing file M:/FPGA_Projects/Verilog_Projects/Advanced_Digital_Oscillscope_Newest/Advanced_Digital_Oscillscope/Nios_Screen_Reader/synthesis/submodules/altera_merlin_arbitrator.sv
Info: rsp_mux_001: "mm_interconnect_0" instantiated altera_merlin_multiplexer "rsp_mux_001"
Info: Reusing file M:/FPGA_Projects/Verilog_Projects/Advanced_Digital_Oscillscope_Newest/Advanced_Digital_Oscillscope/Nios_Screen_Reader/synthesis/submodules/altera_merlin_arbitrator.sv
Info: crosser: "mm_interconnect_0" instantiated altera_avalon_st_handshake_clock_crosser "crosser"
Info: Reusing file M:/FPGA_Projects/Verilog_Projects/Advanced_Digital_Oscillscope_Newest/Advanced_Digital_Oscillscope/Nios_Screen_Reader/synthesis/submodules/altera_avalon_st_pipeline_base.v
Info: avalon_st_adapter: "mm_interconnect_0" instantiated altera_avalon_st_adapter "avalon_st_adapter"
Info: error_adapter_0: "avalon_st_adapter" instantiated error_adapter "error_adapter_0"
Info: Nios_Screen_Reader: Done "Nios_Screen_Reader" with 37 modules, 59 files
Info: qsys-generate succeeded.
Info: Finished: Create HDL design files for synthesis
